 2024-02-22T22:05:43.288+05:30  INFO 3448 --- [restartedMain] c.s.m.S.SpringMvcProjectApplication      : Starting SpringMvcProjectApplication using Java 20.0.2 with PID 3448 (C:\Users\Anushri\Desktop\MasterSpringBoot\SpringMvcProject\SpringMvcProject\target\classes started by Anushri in C:\Users\Anushri\Desktop\MasterSpringBoot\SpringMvcProject\SpringMvcProject)
2024-02-22T22:05:43.295+05:30  INFO 3448 --- [restartedMain] c.s.m.S.SpringMvcProjectApplication      : No active profile set, falling back to 1 default profile: "default"
2024-02-22T22:05:43.614+05:30  INFO 3448 --- [restartedMain] .e.DevToolsPropertyDefaultsPostProcessor : Devtools property defaults active! Set 'spring.devtools.add-properties' to 'false' to disable
2024-02-22T22:05:43.615+05:30  INFO 3448 --- [restartedMain] .e.DevToolsPropertyDefaultsPostProcessor : For additional web related logging consider setting the 'logging.level.web' property to 'DEBUG'
2024-02-22T22:05:50.308+05:30  INFO 3448 --- [restartedMain] o.s.b.w.embedded.tomcat.TomcatWebServer  : Tomcat initialized with port 9191 (http)
2024-02-22T22:05:50.347+05:30  INFO 3448 --- [restartedMain] o.apache.catalina.core.StandardService   : Starting service [Tomcat]
2024-02-22T22:05:50.348+05:30  INFO 3448 --- [restartedMain] o.apache.catalina.core.StandardEngine    : Starting Servlet engine: [Apache Tomcat/10.1.18]
2024-02-22T22:05:50.488+05:30  INFO 3448 --- [restartedMain] o.a.c.c.C.[Tomcat].[localhost].[/]       : Initializing Spring embedded WebApplicationContext
2024-02-22T22:05:50.490+05:30  INFO 3448 --- [restartedMain] w.s.c.ServletWebServerApplicationContext : Root WebApplicationContext: initialization completed in 6872 ms
2024-02-22T22:05:51.763+05:30  INFO 3448 --- [restartedMain] o.s.b.d.a.OptionalLiveReloadServer       : LiveReload server is running on port 35729
2024-02-22T22:05:51.871+05:30  INFO 3448 --- [restartedMain] o.s.b.w.embedded.tomcat.TomcatWebServer  : Tomcat started on port 9191 (http) with context path ''
2024-02-22T22:05:51.903+05:30  INFO 3448 --- [restartedMain] c.s.m.S.SpringMvcProjectApplication      : Started SpringMvcProjectApplication in 10.347 seconds (process running for 12.247)
2024-02-22T22:07:52.631+05:30  INFO 3448 --- [http-nio-9191-exec-1] o.a.c.c.C.[Tomcat].[localhost].[/]       : Initializing Spring DispatcherServlet 'dispatcherServlet'
2024-02-22T22:07:52.731+05:30  INFO 3448 --- [http-nio-9191-exec-1] o.s.web.servlet.DispatcherServlet        : Initializing Servlet 'dispatcherServlet'
2024-02-22T22:07:52.812+05:30  INFO 3448 --- [http-nio-9191-exec-1] o.s.web.servlet.DispatcherServlet        : Completed initialization in 79 ms
2024-02-22T22:09:11.269+05:30  INFO 8648 --- [restartedMain] c.s.m.S.SpringMvcProjectApplication      : Starting SpringMvcProjectApplication using Java 20.0.2 with PID 8648 (C:\Users\Anushri\Desktop\MasterSpringBoot\SpringMvcProject\SpringMvcProject\target\classes started by Anushri in C:\Users\Anushri\Desktop\MasterSpringBoot\SpringMvcProject\SpringMvcProject)
2024-02-22T22:09:11.278+05:30  INFO 8648 --- [restartedMain] c.s.m.S.SpringMvcProjectApplication      : No active profile set, falling back to 1 default profile: "default"
2024-02-22T22:09:11.468+05:30  INFO 8648 --- [restartedMain] .e.DevToolsPropertyDefaultsPostProcessor : Devtools property defaults active! Set 'spring.devtools.add-properties' to 'false' to disable
2024-02-22T22:09:11.469+05:30  INFO 8648 --- [restartedMain] .e.DevToolsPropertyDefaultsPostProcessor : For additional web related logging consider setting the 'logging.level.web' property to 'DEBUG'
2024-02-22T22:09:16.377+05:30  INFO 8648 --- [restartedMain] o.s.b.w.embedded.tomcat.TomcatWebServer  : Tomcat initialized with port 9191 (http)
2024-02-22T22:09:16.440+05:30  INFO 8648 --- [restartedMain] o.apache.catalina.core.StandardService   : Starting service [Tomcat]
2024-02-22T22:09:16.442+05:30  INFO 8648 --- [restartedMain] o.apache.catalina.core.StandardEngine    : Starting Servlet engine: [Apache Tomcat/10.1.18]
2024-02-22T22:09:16.649+05:30  INFO 8648 --- [restartedMain] o.a.c.c.C.[Tomcat].[localhost].[/]       : Initializing Spring embedded WebApplicationContext
2024-02-22T22:09:16.651+05:30  INFO 8648 --- [restartedMain] w.s.c.ServletWebServerApplicationContext : Root WebApplicationContext: initialization completed in 5179 ms
2024-02-22T22:09:18.556+05:30  INFO 8648 --- [restartedMain] o.s.b.d.a.OptionalLiveReloadServer       : LiveReload server is running on port 35729
2024-02-22T22:09:18.766+05:30  INFO 8648 --- [restartedMain] o.s.b.w.embedded.tomcat.TomcatWebServer  : Tomcat started on port 9191 (http) with context path ''
2024-02-22T22:09:18.816+05:30  INFO 8648 --- [restartedMain] c.s.m.S.SpringMvcProjectApplication      : Started SpringMvcProjectApplication in 8.971 seconds (process running for 10.881)
2024-02-22T22:09:25.011+05:30  INFO 8648 --- [http-nio-9191-exec-2] o.a.c.c.C.[Tomcat].[localhost].[/]       : Initializing Spring DispatcherServlet 'dispatcherServlet'
2024-02-22T22:09:25.015+05:30  INFO 8648 --- [http-nio-9191-exec-2] o.s.web.servlet.DispatcherServlet        : Initializing Servlet 'dispatcherServlet'
2024-02-22T22:09:25.024+05:30  INFO 8648 --- [http-nio-9191-exec-2] o.s.web.servlet.DispatcherServlet        : Completed initialization in 4 ms
2024-02-22T22:31:32.068+05:30  INFO 8080 --- [restartedMain] c.s.m.S.SpringMvcProjectApplication      : Starting SpringMvcProjectApplication using Java 20.0.2 with PID 8080 (C:\Users\Anushri\Desktop\MasterSpringBoot\SpringMvcProject\SpringMvcProject\target\classes started by Anushri in C:\Users\Anushri\Desktop\MasterSpringBoot\SpringMvcProject\SpringMvcProject)
2024-02-22T22:31:32.076+05:30  INFO 8080 --- [restartedMain] c.s.m.S.SpringMvcProjectApplication      : No active profile set, falling back to 1 default profile: "default"
2024-02-22T22:31:32.264+05:30  INFO 8080 --- [restartedMain] .e.DevToolsPropertyDefaultsPostProcessor : Devtools property defaults active! Set 'spring.devtools.add-properties' to 'false' to disable
2024-02-22T22:31:32.265+05:30  INFO 8080 --- [restartedMain] .e.DevToolsPropertyDefaultsPostProcessor : For additional web related logging consider setting the 'logging.level.web' property to 'DEBUG'
2024-02-22T22:31:36.496+05:30  INFO 8080 --- [restartedMain] o.s.b.w.embedded.tomcat.TomcatWebServer  : Tomcat initialized with port 9191 (http)
2024-02-22T22:31:36.540+05:30  INFO 8080 --- [restartedMain] o.apache.catalina.core.StandardService   : Starting service [Tomcat]
2024-02-22T22:31:36.543+05:30  INFO 8080 --- [restartedMain] o.apache.catalina.core.StandardEngine    : Starting Servlet engine: [Apache Tomcat/10.1.18]
2024-02-22T22:31:36.721+05:30  INFO 8080 --- [restartedMain] o.a.c.c.C.[Tomcat].[localhost].[/]       : Initializing Spring embedded WebApplicationContext
2024-02-22T22:31:36.723+05:30  INFO 8080 --- [restartedMain] w.s.c.ServletWebServerApplicationContext : Root WebApplicationContext: initialization completed in 4455 ms
2024-02-22T22:31:38.144+05:30  INFO 8080 --- [restartedMain] o.s.b.d.a.OptionalLiveReloadServer       : LiveReload server is running on port 35729
2024-02-22T22:31:38.393+05:30  INFO 8080 --- [restartedMain] o.s.b.w.embedded.tomcat.TomcatWebServer  : Tomcat started on port 9191 (http) with context path ''
2024-02-22T22:31:38.526+05:30  INFO 8080 --- [restartedMain] c.s.m.S.SpringMvcProjectApplication      : Started SpringMvcProjectApplication in 7.997 seconds (process running for 9.626)
2024-02-22T22:31:43.599+05:30  INFO 1164 --- [restartedMain] c.s.m.S.SpringMvcProjectApplication      : Starting SpringMvcProjectApplication using Java 20.0.2 with PID 1164 (C:\Users\Anushri\Desktop\MasterSpringBoot\SpringMvcProject\SpringMvcProject\target\classes started by Anushri in C:\Users\Anushri\Desktop\MasterSpringBoot\SpringMvcProject\SpringMvcProject)
2024-02-22T22:31:43.606+05:30  INFO 1164 --- [restartedMain] c.s.m.S.SpringMvcProjectApplication      : No active profile set, falling back to 1 default profile: "default"
2024-02-22T22:31:43.875+05:30  INFO 1164 --- [restartedMain] .e.DevToolsPropertyDefaultsPostProcessor : Devtools property defaults active! Set 'spring.devtools.add-properties' to 'false' to disable
2024-02-22T22:31:43.877+05:30  INFO 1164 --- [restartedMain] .e.DevToolsPropertyDefaultsPostProcessor : For additional web related logging consider setting the 'logging.level.web' property to 'DEBUG'
2024-02-22T22:31:48.297+05:30  INFO 1164 --- [restartedMain] o.s.b.w.embedded.tomcat.TomcatWebServer  : Tomcat initialized with port 9191 (http)
2024-02-22T22:31:48.356+05:30  INFO 1164 --- [restartedMain] o.apache.catalina.core.StandardService   : Starting service [Tomcat]
2024-02-22T22:31:48.357+05:30  INFO 1164 --- [restartedMain] o.apache.catalina.core.StandardEngine    : Starting Servlet engine: [Apache Tomcat/10.1.18]
2024-02-22T22:31:48.933+05:30  INFO 1164 --- [restartedMain] o.a.c.c.C.[Tomcat].[localhost].[/]       : Initializing Spring embedded WebApplicationContext
2024-02-22T22:31:48.939+05:30  INFO 1164 --- [restartedMain] w.s.c.ServletWebServerApplicationContext : Root WebApplicationContext: initialization completed in 5057 ms
2024-02-22T22:31:50.792+05:30  WARN 1164 --- [restartedMain] o.s.b.d.a.OptionalLiveReloadServer       : Unable to start LiveReload server
2024-02-22T22:31:50.867+05:30  WARN 1164 --- [restartedMain] ConfigServletWebServerApplicationContext : Exception encountered during context initialization - cancelling refresh attempt: org.springframework.context.ApplicationContextException: Failed to start bean 'webServerStartStop'
2024-02-22T22:31:50.926+05:30  INFO 1164 --- [restartedMain] .s.b.a.l.ConditionEvaluationReportLogger : 

Error starting ApplicationContext. To display the condition evaluation report re-run your application with 'debug' enabled.
2024-02-22T22:31:51.012+05:30 ERROR 1164 --- [restartedMain] o.s.b.d.LoggingFailureAnalysisReporter   : 

***************************
APPLICATION FAILED TO START
***************************

Description:

Web server failed to start. Port 9191 was already in use.

Action:

Identify and stop the process that's listening on port 9191 or configure this application to listen on another port.

2024-02-22T22:32:36.350+05:30  INFO 8908 --- [restartedMain] c.s.m.S.SpringMvcProjectApplication      : Starting SpringMvcProjectApplication using Java 20.0.2 with PID 8908 (C:\Users\Anushri\Desktop\MasterSpringBoot\SpringMvcProject\SpringMvcProject\target\classes started by Anushri in C:\Users\Anushri\Desktop\MasterSpringBoot\SpringMvcProject\SpringMvcProject)
2024-02-22T22:32:36.357+05:30  INFO 8908 --- [restartedMain] c.s.m.S.SpringMvcProjectApplication      : No active profile set, falling back to 1 default profile: "default"
2024-02-22T22:32:36.519+05:30  INFO 8908 --- [restartedMain] .e.DevToolsPropertyDefaultsPostProcessor : Devtools property defaults active! Set 'spring.devtools.add-properties' to 'false' to disable
2024-02-22T22:32:36.519+05:30  INFO 8908 --- [restartedMain] .e.DevToolsPropertyDefaultsPostProcessor : For additional web related logging consider setting the 'logging.level.web' property to 'DEBUG'
2024-02-22T22:32:40.493+05:30  INFO 8908 --- [restartedMain] o.s.b.w.embedded.tomcat.TomcatWebServer  : Tomcat initialized with port 9191 (http)
2024-02-22T22:32:40.540+05:30  INFO 8908 --- [restartedMain] o.apache.catalina.core.StandardService   : Starting service [Tomcat]
2024-02-22T22:32:40.542+05:30  INFO 8908 --- [restartedMain] o.apache.catalina.core.StandardEngine    : Starting Servlet engine: [Apache Tomcat/10.1.18]
2024-02-22T22:32:40.699+05:30  INFO 8908 --- [restartedMain] o.a.c.c.C.[Tomcat].[localhost].[/]       : Initializing Spring embedded WebApplicationContext
2024-02-22T22:32:40.701+05:30  INFO 8908 --- [restartedMain] w.s.c.ServletWebServerApplicationContext : Root WebApplicationContext: initialization completed in 4180 ms
2024-02-22T22:32:41.831+05:30  INFO 8908 --- [restartedMain] o.s.b.d.a.OptionalLiveReloadServer       : LiveReload server is running on port 35729
2024-02-22T22:32:41.942+05:30  INFO 8908 --- [restartedMain] o.s.b.w.embedded.tomcat.TomcatWebServer  : Tomcat started on port 9191 (http) with context path ''
2024-02-22T22:32:41.998+05:30  INFO 8908 --- [restartedMain] c.s.m.S.SpringMvcProjectApplication      : Started SpringMvcProjectApplication in 6.986 seconds (process running for 8.51)
2024-02-22T22:32:54.730+05:30  INFO 8908 --- [http-nio-9191-exec-1] o.a.c.c.C.[Tomcat].[localhost].[/]       : Initializing Spring DispatcherServlet 'dispatcherServlet'
2024-02-22T22:32:54.733+05:30  INFO 8908 --- [http-nio-9191-exec-1] o.s.web.servlet.DispatcherServlet        : Initializing Servlet 'dispatcherServlet'
2024-02-22T22:32:54.737+05:30  INFO 8908 --- [http-nio-9191-exec-1] o.s.web.servlet.DispatcherServlet        : Completed initialization in 2 ms
2024-02-22T22:35:46.746+05:30  INFO 7828 --- [restartedMain] c.s.m.S.SpringMvcProjectApplication      : Starting SpringMvcProjectApplication using Java 20.0.2 with PID 7828 (C:\Users\Anushri\Desktop\MasterSpringBoot\SpringMvcProject\SpringMvcProject\target\classes started by Anushri in C:\Users\Anushri\Desktop\MasterSpringBoot\SpringMvcProject\SpringMvcProject)
2024-02-22T22:35:46.754+05:30  INFO 7828 --- [restartedMain] c.s.m.S.SpringMvcProjectApplication      : No active profile set, falling back to 1 default profile: "default"
2024-02-22T22:35:46.995+05:30  INFO 7828 --- [restartedMain] .e.DevToolsPropertyDefaultsPostProcessor : Devtools property defaults active! Set 'spring.devtools.add-properties' to 'false' to disable
2024-02-22T22:35:46.996+05:30  INFO 7828 --- [restartedMain] .e.DevToolsPropertyDefaultsPostProcessor : For additional web related logging consider setting the 'logging.level.web' property to 'DEBUG'
2024-02-22T22:35:53.411+05:30  INFO 7828 --- [restartedMain] o.s.b.w.embedded.tomcat.TomcatWebServer  : Tomcat initialized with port 9191 (http)
2024-02-22T22:35:53.455+05:30  INFO 7828 --- [restartedMain] o.apache.catalina.core.StandardService   : Starting service [Tomcat]
2024-02-22T22:35:53.456+05:30  INFO 7828 --- [restartedMain] o.apache.catalina.core.StandardEngine    : Starting Servlet engine: [Apache Tomcat/10.1.18]
2024-02-22T22:35:53.626+05:30  INFO 7828 --- [restartedMain] o.a.c.c.C.[Tomcat].[localhost].[/]       : Initializing Spring embedded WebApplicationContext
2024-02-22T22:35:53.627+05:30  INFO 7828 --- [restartedMain] w.s.c.ServletWebServerApplicationContext : Root WebApplicationContext: initialization completed in 6629 ms
2024-02-22T22:35:55.403+05:30  INFO 7828 --- [restartedMain] o.s.b.d.a.OptionalLiveReloadServer       : LiveReload server is running on port 35729
2024-02-22T22:35:55.679+05:30  INFO 7828 --- [restartedMain] o.s.b.w.embedded.tomcat.TomcatWebServer  : Tomcat started on port 9191 (http) with context path ''
2024-02-22T22:35:55.726+05:30  INFO 7828 --- [restartedMain] c.s.m.S.SpringMvcProjectApplication      : Started SpringMvcProjectApplication in 10.948 seconds (process running for 12.901)
2024-02-22T22:35:59.464+05:30  INFO 7828 --- [http-nio-9191-exec-1] o.a.c.c.C.[Tomcat].[localhost].[/]       : Initializing Spring DispatcherServlet 'dispatcherServlet'
2024-02-22T22:35:59.466+05:30  INFO 7828 --- [http-nio-9191-exec-1] o.s.web.servlet.DispatcherServlet        : Initializing Servlet 'dispatcherServlet'
2024-02-22T22:35:59.470+05:30  INFO 7828 --- [http-nio-9191-exec-1] o.s.web.servlet.DispatcherServlet        : Completed initialization in 2 ms
